<?xml version="1.0" encoding="UTF-8"?>
<!-- Generated by org.testng.reporters.JUnitReportReporter -->
<testsuite hostname="DESKTOP-JTON085" failures="0" tests="3" name="customer.Login" time="8.208" errors="0" timestamp="2023-01-15T13:46:18 EET" skipped="0">
  <testcase classname="customer.Login" name="LoginAsCustomer" time="4.027"/>
  <system-out/>
  <testcase classname="customer.Login" name="AddingAmount" time="3.789"/>
  <system-out/>
  <testcase classname="customer.Login" name="Withdraw_invalid_amount" time="0.392"/>
  <system-out/>
</testsuite> <!-- customer.Login -->
