<?xml version="1.0" encoding="UTF-8"?>
<!-- Generated by org.testng.reporters.JUnitReportReporter -->
<testsuite hostname="DESKTOP-JTON085" failures="0" tests="3" name="manager.Login" time="6.892" errors="0" timestamp="2023-01-15T20:37:09 EET" skipped="0">
  <testcase classname="manager.Login" name="LoginAsCustomer" time="1.667"/>
  <system-out/>
  <testcase classname="manager.Login" name="OpenAccountAsManager" time="0.617"/>
  <system-out/>
  <testcase classname="manager.Login" name="Custumers" time="4.608"/>
  <system-out/>
</testsuite> <!-- manager.Login -->
